{
  "numFailedTestSuites": 3,
  "numFailedTests": 5,
  "numPassedTestSuites": 0,
  "numPassedTests": 1,
  "numPendingTestSuites": 0,
  "numPendingTests": 0,
  "numRuntimeErrorTestSuites": 1,
  "numTodoTests": 0,
  "numTotalTestSuites": 3,
  "numTotalTests": 6,
  "openHandles": [],
  "snapshot": {
    "added": 0,
    "didUpdate": false,
    "failure": false,
    "filesAdded": 0,
    "filesRemoved": 0,
    "filesRemovedList": [],
    "filesUnmatched": 0,
    "filesUpdated": 0,
    "matched": 0,
    "total": 0,
    "unchecked": 0,
    "uncheckedKeysByFile": [],
    "unmatched": 0,
    "updated": 0
  },
  "startTime": 1625688071391,
  "success": false,
  "testResults": [
    {
      "failureMessage": "  \u001b[1m● \u001b[22mTest suite failed to run\n\n    ReferenceError: regeneratorRuntime is not defined\n\n    \u001b[0m \u001b[90m 3 |\u001b[39m\u001b[0m\n    \u001b[0m \u001b[90m 4 |\u001b[39m describe(\u001b[32m\"Register Component\"\u001b[39m\u001b[33m,\u001b[39m () \u001b[33m=>\u001b[39m {\u001b[0m\n    \u001b[0m\u001b[31m\u001b[1m>\u001b[22m\u001b[39m\u001b[90m 5 |\u001b[39m   it(\u001b[32m'changes state on typing in field with corresponding label name'\u001b[39m\u001b[33m,\u001b[39m \u001b[36masync\u001b[39m()\u001b[33m=>\u001b[39m{\u001b[0m\n    \u001b[0m \u001b[90m   |\u001b[39m     \u001b[31m\u001b[1m^\u001b[22m\u001b[39m\u001b[0m\n    \u001b[0m \u001b[90m 6 |\u001b[39m     \u001b[36mconst\u001b[39m {getByRole} \u001b[33m=\u001b[39m render(\u001b[33m<\u001b[39m\u001b[33mRegister\u001b[39m\u001b[33m/\u001b[39m\u001b[33m>\u001b[39m)\u001b[33m;\u001b[39m\u001b[0m\n    \u001b[0m \u001b[90m 7 |\u001b[39m     \u001b[0m\n    \u001b[0m \u001b[90m 8 |\u001b[39m   })\u001b[33m;\u001b[39m\u001b[0m\n\n      \u001b[2mat \u001b[22m\u001b[0m\u001b[36mclient/src/components/Register.test.js\u001b[39m\u001b[0m\u001b[2m:5:5\u001b[22m\n      \u001b[2mat Object.<anonymous> (\u001b[22m\u001b[0m\u001b[36mclient/src/components/Register.test.js\u001b[39m\u001b[0m\u001b[2m:4:1)\u001b[22m\n",
      "leaks": false,
      "numFailingTests": 0,
      "numPassingTests": 0,
      "numPendingTests": 0,
      "numTodoTests": 0,
      "openHandles": [],
      "perfStats": {
        "end": 0,
        "runtime": 0,
        "slow": false,
        "start": 0
      },
      "skipped": false,
      "snapshot": {
        "added": 0,
        "fileDeleted": false,
        "matched": 0,
        "unchecked": 0,
        "uncheckedKeys": [],
        "unmatched": 0,
        "updated": 0
      },
      "testExecError": "regeneratorRuntime is not defined",
      "testFilePath": "/root/stratum-zero/FRS/client/src/components/Register.test.js",
      "testResults": []
    },
    {
      "leaks": false,
      "numFailingTests": 4,
      "numPassingTests": 0,
      "numPendingTests": 0,
      "numTodoTests": 0,
      "openHandles": [],
      "perfStats": {
        "end": 1625688118094,
        "runtime": 18913,
        "slow": true,
        "start": 1625688099181
      },
      "skipped": false,
      "snapshot": {
        "added": 0,
        "fileDeleted": false,
        "matched": 0,
        "unchecked": 0,
        "uncheckedKeys": [],
        "unmatched": 0,
        "updated": 0
      },
      "testFilePath": "/root/stratum-zero/FRS/client/src/components/ThreatType.test.js",
      "testResults": [
        {
          "ancestorTitles": [
            "<ThreatType/>"
          ],
          "duration": 3137,
          "failureDetails": [
            {}
          ],
          "failureMessages": [
            "ReferenceError: props is not defined\n    at ThreatType (/root/stratum-zero/FRS/client/src/components/ThreatType.jsx:4:41)\n    at renderWithHooks (/root/stratum-zero/FRS/node_modules/react-dom/cjs/react-dom.development.js:14985:18)\n    at mountIndeterminateComponent (/root/stratum-zero/FRS/node_modules/react-dom/cjs/react-dom.development.js:17811:13)\n    at beginWork (/root/stratum-zero/FRS/node_modules/react-dom/cjs/react-dom.development.js:19049:16)\n    at HTMLUnknownElement.callCallback (/root/stratum-zero/FRS/node_modules/react-dom/cjs/react-dom.development.js:3945:14)\n    at HTMLUnknownElement.callTheUserObjectsOperation (/root/stratum-zero/FRS/node_modules/jsdom/lib/jsdom/living/generated/EventListener.js:26:30)\n    at innerInvokeEventListeners (/root/stratum-zero/FRS/node_modules/jsdom/lib/jsdom/living/events/EventTarget-impl.js:338:25)\n    at invokeEventListeners (/root/stratum-zero/FRS/node_modules/jsdom/lib/jsdom/living/events/EventTarget-impl.js:274:3)\n    at HTMLUnknownElementImpl._dispatch (/root/stratum-zero/FRS/node_modules/jsdom/lib/jsdom/living/events/EventTarget-impl.js:221:9)\n    at HTMLUnknownElementImpl.dispatchEvent (/root/stratum-zero/FRS/node_modules/jsdom/lib/jsdom/living/events/EventTarget-impl.js:94:17)\n    at HTMLUnknownElement.dispatchEvent (/root/stratum-zero/FRS/node_modules/jsdom/lib/jsdom/living/generated/EventTarget.js:231:34)\n    at Object.invokeGuardedCallbackDev (/root/stratum-zero/FRS/node_modules/react-dom/cjs/react-dom.development.js:3994:16)\n    at invokeGuardedCallback (/root/stratum-zero/FRS/node_modules/react-dom/cjs/react-dom.development.js:4056:31)\n    at beginWork$1 (/root/stratum-zero/FRS/node_modules/react-dom/cjs/react-dom.development.js:23964:7)\n    at performUnitOfWork (/root/stratum-zero/FRS/node_modules/react-dom/cjs/react-dom.development.js:22779:12)\n    at workLoopSync (/root/stratum-zero/FRS/node_modules/react-dom/cjs/react-dom.development.js:22707:5)\n    at renderRootSync (/root/stratum-zero/FRS/node_modules/react-dom/cjs/react-dom.development.js:22670:7)\n    at performSyncWorkOnRoot (/root/stratum-zero/FRS/node_modules/react-dom/cjs/react-dom.development.js:22293:18)\n    at scheduleUpdateOnFiber (/root/stratum-zero/FRS/node_modules/react-dom/cjs/react-dom.development.js:21881:7)\n    at updateContainer (/root/stratum-zero/FRS/node_modules/react-dom/cjs/react-dom.development.js:25482:3)\n    at /root/stratum-zero/FRS/node_modules/react-dom/cjs/react-dom.development.js:26021:7\n    at unbatchedUpdates (/root/stratum-zero/FRS/node_modules/react-dom/cjs/react-dom.development.js:22431:12)\n    at legacyRenderSubtreeIntoContainer (/root/stratum-zero/FRS/node_modules/react-dom/cjs/react-dom.development.js:26020:5)\n    at Object.render (/root/stratum-zero/FRS/node_modules/react-dom/cjs/react-dom.development.js:26103:10)\n    at /root/stratum-zero/FRS/node_modules/@testing-library/react/dist/pure.js:101:25\n    at batchedUpdates$1 (/root/stratum-zero/FRS/node_modules/react-dom/cjs/react-dom.development.js:22380:12)\n    at act (/root/stratum-zero/FRS/node_modules/react-dom/cjs/react-dom-test-utils.development.js:1042:14)\n    at render (/root/stratum-zero/FRS/node_modules/@testing-library/react/dist/pure.js:97:26)\n    at Object.<anonymous> (/root/stratum-zero/FRS/client/src/components/ThreatType.test.js:9:5)\n    at Promise.then.completed (/root/stratum-zero/FRS/node_modules/jest-circus/build/utils.js:316:28)\n    at new Promise (<anonymous>)\n    at callAsyncCircusFn (/root/stratum-zero/FRS/node_modules/jest-circus/build/utils.js:241:10)\n    at _callCircusTest (/root/stratum-zero/FRS/node_modules/jest-circus/build/run.js:218:40)\n    at processTicksAndRejections (internal/process/task_queues.js:93:5)\n    at _runTest (/root/stratum-zero/FRS/node_modules/jest-circus/build/run.js:155:3)\n    at _runTestsForDescribeBlock (/root/stratum-zero/FRS/node_modules/jest-circus/build/run.js:66:9)\n    at _runTestsForDescribeBlock (/root/stratum-zero/FRS/node_modules/jest-circus/build/run.js:60:9)\n    at run (/root/stratum-zero/FRS/node_modules/jest-circus/build/run.js:25:3)\n    at runAndTransformResultsToJestFormat (/root/stratum-zero/FRS/node_modules/jest-circus/build/legacy-code-todo-rewrite/jestAdapterInit.js:166:21)\n    at jestAdapter (/root/stratum-zero/FRS/node_modules/jest-circus/build/legacy-code-todo-rewrite/jestAdapter.js:82:19)\n    at runTestInternal (/root/stratum-zero/FRS/node_modules/jest-runner/build/runTest.js:389:16)\n    at runTest (/root/stratum-zero/FRS/node_modules/jest-runner/build/runTest.js:481:34)\n    at Object.worker (/root/stratum-zero/FRS/node_modules/jest-runner/build/testWorker.js:133:12)"
          ],
          "fullName": "<ThreatType/> renders",
          "invocations": 1,
          "location": null,
          "numPassingAsserts": 0,
          "status": "failed",
          "title": "renders"
        },
        {
          "ancestorTitles": [
            "<ThreatType/>"
          ],
          "duration": 42,
          "failureDetails": [
            {}
          ],
          "failureMessages": [
            "ReferenceError: props is not defined\n    at ThreatType (/root/stratum-zero/FRS/client/src/components/ThreatType.jsx:4:41)\n    at renderWithHooks (/root/stratum-zero/FRS/node_modules/react-dom/cjs/react-dom.development.js:14985:18)\n    at mountIndeterminateComponent (/root/stratum-zero/FRS/node_modules/react-dom/cjs/react-dom.development.js:17811:13)\n    at beginWork (/root/stratum-zero/FRS/node_modules/react-dom/cjs/react-dom.development.js:19049:16)\n    at HTMLUnknownElement.callCallback (/root/stratum-zero/FRS/node_modules/react-dom/cjs/react-dom.development.js:3945:14)\n    at HTMLUnknownElement.callTheUserObjectsOperation (/root/stratum-zero/FRS/node_modules/jsdom/lib/jsdom/living/generated/EventListener.js:26:30)\n    at innerInvokeEventListeners (/root/stratum-zero/FRS/node_modules/jsdom/lib/jsdom/living/events/EventTarget-impl.js:338:25)\n    at invokeEventListeners (/root/stratum-zero/FRS/node_modules/jsdom/lib/jsdom/living/events/EventTarget-impl.js:274:3)\n    at HTMLUnknownElementImpl._dispatch (/root/stratum-zero/FRS/node_modules/jsdom/lib/jsdom/living/events/EventTarget-impl.js:221:9)\n    at HTMLUnknownElementImpl.dispatchEvent (/root/stratum-zero/FRS/node_modules/jsdom/lib/jsdom/living/events/EventTarget-impl.js:94:17)\n    at HTMLUnknownElement.dispatchEvent (/root/stratum-zero/FRS/node_modules/jsdom/lib/jsdom/living/generated/EventTarget.js:231:34)\n    at Object.invokeGuardedCallbackDev (/root/stratum-zero/FRS/node_modules/react-dom/cjs/react-dom.development.js:3994:16)\n    at invokeGuardedCallback (/root/stratum-zero/FRS/node_modules/react-dom/cjs/react-dom.development.js:4056:31)\n    at beginWork$1 (/root/stratum-zero/FRS/node_modules/react-dom/cjs/react-dom.development.js:23964:7)\n    at performUnitOfWork (/root/stratum-zero/FRS/node_modules/react-dom/cjs/react-dom.development.js:22779:12)\n    at workLoopSync (/root/stratum-zero/FRS/node_modules/react-dom/cjs/react-dom.development.js:22707:5)\n    at renderRootSync (/root/stratum-zero/FRS/node_modules/react-dom/cjs/react-dom.development.js:22670:7)\n    at performSyncWorkOnRoot (/root/stratum-zero/FRS/node_modules/react-dom/cjs/react-dom.development.js:22293:18)\n    at scheduleUpdateOnFiber (/root/stratum-zero/FRS/node_modules/react-dom/cjs/react-dom.development.js:21881:7)\n    at updateContainer (/root/stratum-zero/FRS/node_modules/react-dom/cjs/react-dom.development.js:25482:3)\n    at /root/stratum-zero/FRS/node_modules/react-dom/cjs/react-dom.development.js:26021:7\n    at unbatchedUpdates (/root/stratum-zero/FRS/node_modules/react-dom/cjs/react-dom.development.js:22431:12)\n    at legacyRenderSubtreeIntoContainer (/root/stratum-zero/FRS/node_modules/react-dom/cjs/react-dom.development.js:26020:5)\n    at Object.render (/root/stratum-zero/FRS/node_modules/react-dom/cjs/react-dom.development.js:26103:10)\n    at /root/stratum-zero/FRS/node_modules/@testing-library/react/dist/pure.js:101:25\n    at batchedUpdates$1 (/root/stratum-zero/FRS/node_modules/react-dom/cjs/react-dom.development.js:22380:12)\n    at act (/root/stratum-zero/FRS/node_modules/react-dom/cjs/react-dom-test-utils.development.js:1042:14)\n    at render (/root/stratum-zero/FRS/node_modules/@testing-library/react/dist/pure.js:97:26)\n    at Object.<anonymous> (/root/stratum-zero/FRS/client/src/components/ThreatType.test.js:12:27)\n    at Promise.then.completed (/root/stratum-zero/FRS/node_modules/jest-circus/build/utils.js:316:28)\n    at new Promise (<anonymous>)\n    at callAsyncCircusFn (/root/stratum-zero/FRS/node_modules/jest-circus/build/utils.js:241:10)\n    at _callCircusTest (/root/stratum-zero/FRS/node_modules/jest-circus/build/run.js:218:40)\n    at processTicksAndRejections (internal/process/task_queues.js:93:5)\n    at _runTest (/root/stratum-zero/FRS/node_modules/jest-circus/build/run.js:155:3)\n    at _runTestsForDescribeBlock (/root/stratum-zero/FRS/node_modules/jest-circus/build/run.js:66:9)\n    at _runTestsForDescribeBlock (/root/stratum-zero/FRS/node_modules/jest-circus/build/run.js:60:9)\n    at run (/root/stratum-zero/FRS/node_modules/jest-circus/build/run.js:25:3)\n    at runAndTransformResultsToJestFormat (/root/stratum-zero/FRS/node_modules/jest-circus/build/legacy-code-todo-rewrite/jestAdapterInit.js:166:21)\n    at jestAdapter (/root/stratum-zero/FRS/node_modules/jest-circus/build/legacy-code-todo-rewrite/jestAdapter.js:82:19)\n    at runTestInternal (/root/stratum-zero/FRS/node_modules/jest-runner/build/runTest.js:389:16)\n    at runTest (/root/stratum-zero/FRS/node_modules/jest-runner/build/runTest.js:481:34)\n    at Object.worker (/root/stratum-zero/FRS/node_modules/jest-runner/build/testWorker.js:133:12)"
          ],
          "fullName": "<ThreatType/> medical",
          "invocations": 1,
          "location": null,
          "numPassingAsserts": 0,
          "status": "failed",
          "title": "medical"
        },
        {
          "ancestorTitles": [
            "<ThreatType/>"
          ],
          "duration": 86,
          "failureDetails": [
            {}
          ],
          "failureMessages": [
            "ReferenceError: props is not defined\n    at ThreatType (/root/stratum-zero/FRS/client/src/components/ThreatType.jsx:4:41)\n    at renderWithHooks (/root/stratum-zero/FRS/node_modules/react-dom/cjs/react-dom.development.js:14985:18)\n    at mountIndeterminateComponent (/root/stratum-zero/FRS/node_modules/react-dom/cjs/react-dom.development.js:17811:13)\n    at beginWork (/root/stratum-zero/FRS/node_modules/react-dom/cjs/react-dom.development.js:19049:16)\n    at HTMLUnknownElement.callCallback (/root/stratum-zero/FRS/node_modules/react-dom/cjs/react-dom.development.js:3945:14)\n    at HTMLUnknownElement.callTheUserObjectsOperation (/root/stratum-zero/FRS/node_modules/jsdom/lib/jsdom/living/generated/EventListener.js:26:30)\n    at innerInvokeEventListeners (/root/stratum-zero/FRS/node_modules/jsdom/lib/jsdom/living/events/EventTarget-impl.js:338:25)\n    at invokeEventListeners (/root/stratum-zero/FRS/node_modules/jsdom/lib/jsdom/living/events/EventTarget-impl.js:274:3)\n    at HTMLUnknownElementImpl._dispatch (/root/stratum-zero/FRS/node_modules/jsdom/lib/jsdom/living/events/EventTarget-impl.js:221:9)\n    at HTMLUnknownElementImpl.dispatchEvent (/root/stratum-zero/FRS/node_modules/jsdom/lib/jsdom/living/events/EventTarget-impl.js:94:17)\n    at HTMLUnknownElement.dispatchEvent (/root/stratum-zero/FRS/node_modules/jsdom/lib/jsdom/living/generated/EventTarget.js:231:34)\n    at Object.invokeGuardedCallbackDev (/root/stratum-zero/FRS/node_modules/react-dom/cjs/react-dom.development.js:3994:16)\n    at invokeGuardedCallback (/root/stratum-zero/FRS/node_modules/react-dom/cjs/react-dom.development.js:4056:31)\n    at beginWork$1 (/root/stratum-zero/FRS/node_modules/react-dom/cjs/react-dom.development.js:23964:7)\n    at performUnitOfWork (/root/stratum-zero/FRS/node_modules/react-dom/cjs/react-dom.development.js:22779:12)\n    at workLoopSync (/root/stratum-zero/FRS/node_modules/react-dom/cjs/react-dom.development.js:22707:5)\n    at renderRootSync (/root/stratum-zero/FRS/node_modules/react-dom/cjs/react-dom.development.js:22670:7)\n    at performSyncWorkOnRoot (/root/stratum-zero/FRS/node_modules/react-dom/cjs/react-dom.development.js:22293:18)\n    at scheduleUpdateOnFiber (/root/stratum-zero/FRS/node_modules/react-dom/cjs/react-dom.development.js:21881:7)\n    at updateContainer (/root/stratum-zero/FRS/node_modules/react-dom/cjs/react-dom.development.js:25482:3)\n    at /root/stratum-zero/FRS/node_modules/react-dom/cjs/react-dom.development.js:26021:7\n    at unbatchedUpdates (/root/stratum-zero/FRS/node_modules/react-dom/cjs/react-dom.development.js:22431:12)\n    at legacyRenderSubtreeIntoContainer (/root/stratum-zero/FRS/node_modules/react-dom/cjs/react-dom.development.js:26020:5)\n    at Object.render (/root/stratum-zero/FRS/node_modules/react-dom/cjs/react-dom.development.js:26103:10)\n    at /root/stratum-zero/FRS/node_modules/@testing-library/react/dist/pure.js:101:25\n    at batchedUpdates$1 (/root/stratum-zero/FRS/node_modules/react-dom/cjs/react-dom.development.js:22380:12)\n    at act (/root/stratum-zero/FRS/node_modules/react-dom/cjs/react-dom-test-utils.development.js:1042:14)\n    at render (/root/stratum-zero/FRS/node_modules/@testing-library/react/dist/pure.js:97:26)\n    at Object.<anonymous> (/root/stratum-zero/FRS/client/src/components/ThreatType.test.js:16:27)\n    at Promise.then.completed (/root/stratum-zero/FRS/node_modules/jest-circus/build/utils.js:316:28)\n    at new Promise (<anonymous>)\n    at callAsyncCircusFn (/root/stratum-zero/FRS/node_modules/jest-circus/build/utils.js:241:10)\n    at _callCircusTest (/root/stratum-zero/FRS/node_modules/jest-circus/build/run.js:218:40)\n    at processTicksAndRejections (internal/process/task_queues.js:93:5)\n    at _runTest (/root/stratum-zero/FRS/node_modules/jest-circus/build/run.js:155:3)\n    at _runTestsForDescribeBlock (/root/stratum-zero/FRS/node_modules/jest-circus/build/run.js:66:9)\n    at _runTestsForDescribeBlock (/root/stratum-zero/FRS/node_modules/jest-circus/build/run.js:60:9)\n    at run (/root/stratum-zero/FRS/node_modules/jest-circus/build/run.js:25:3)\n    at runAndTransformResultsToJestFormat (/root/stratum-zero/FRS/node_modules/jest-circus/build/legacy-code-todo-rewrite/jestAdapterInit.js:166:21)\n    at jestAdapter (/root/stratum-zero/FRS/node_modules/jest-circus/build/legacy-code-todo-rewrite/jestAdapter.js:82:19)\n    at runTestInternal (/root/stratum-zero/FRS/node_modules/jest-runner/build/runTest.js:389:16)\n    at runTest (/root/stratum-zero/FRS/node_modules/jest-runner/build/runTest.js:481:34)\n    at Object.worker (/root/stratum-zero/FRS/node_modules/jest-runner/build/testWorker.js:133:12)"
          ],
          "fullName": "<ThreatType/> fire",
          "invocations": 1,
          "location": null,
          "numPassingAsserts": 0,
          "status": "failed",
          "title": "fire"
        },
        {
          "ancestorTitles": [
            "<ThreatType/>"
          ],
          "duration": 30,
          "failureDetails": [
            {}
          ],
          "failureMessages": [
            "ReferenceError: props is not defined\n    at ThreatType (/root/stratum-zero/FRS/client/src/components/ThreatType.jsx:4:41)\n    at renderWithHooks (/root/stratum-zero/FRS/node_modules/react-dom/cjs/react-dom.development.js:14985:18)\n    at mountIndeterminateComponent (/root/stratum-zero/FRS/node_modules/react-dom/cjs/react-dom.development.js:17811:13)\n    at beginWork (/root/stratum-zero/FRS/node_modules/react-dom/cjs/react-dom.development.js:19049:16)\n    at HTMLUnknownElement.callCallback (/root/stratum-zero/FRS/node_modules/react-dom/cjs/react-dom.development.js:3945:14)\n    at HTMLUnknownElement.callTheUserObjectsOperation (/root/stratum-zero/FRS/node_modules/jsdom/lib/jsdom/living/generated/EventListener.js:26:30)\n    at innerInvokeEventListeners (/root/stratum-zero/FRS/node_modules/jsdom/lib/jsdom/living/events/EventTarget-impl.js:338:25)\n    at invokeEventListeners (/root/stratum-zero/FRS/node_modules/jsdom/lib/jsdom/living/events/EventTarget-impl.js:274:3)\n    at HTMLUnknownElementImpl._dispatch (/root/stratum-zero/FRS/node_modules/jsdom/lib/jsdom/living/events/EventTarget-impl.js:221:9)\n    at HTMLUnknownElementImpl.dispatchEvent (/root/stratum-zero/FRS/node_modules/jsdom/lib/jsdom/living/events/EventTarget-impl.js:94:17)\n    at HTMLUnknownElement.dispatchEvent (/root/stratum-zero/FRS/node_modules/jsdom/lib/jsdom/living/generated/EventTarget.js:231:34)\n    at Object.invokeGuardedCallbackDev (/root/stratum-zero/FRS/node_modules/react-dom/cjs/react-dom.development.js:3994:16)\n    at invokeGuardedCallback (/root/stratum-zero/FRS/node_modules/react-dom/cjs/react-dom.development.js:4056:31)\n    at beginWork$1 (/root/stratum-zero/FRS/node_modules/react-dom/cjs/react-dom.development.js:23964:7)\n    at performUnitOfWork (/root/stratum-zero/FRS/node_modules/react-dom/cjs/react-dom.development.js:22779:12)\n    at workLoopSync (/root/stratum-zero/FRS/node_modules/react-dom/cjs/react-dom.development.js:22707:5)\n    at renderRootSync (/root/stratum-zero/FRS/node_modules/react-dom/cjs/react-dom.development.js:22670:7)\n    at performSyncWorkOnRoot (/root/stratum-zero/FRS/node_modules/react-dom/cjs/react-dom.development.js:22293:18)\n    at scheduleUpdateOnFiber (/root/stratum-zero/FRS/node_modules/react-dom/cjs/react-dom.development.js:21881:7)\n    at updateContainer (/root/stratum-zero/FRS/node_modules/react-dom/cjs/react-dom.development.js:25482:3)\n    at /root/stratum-zero/FRS/node_modules/react-dom/cjs/react-dom.development.js:26021:7\n    at unbatchedUpdates (/root/stratum-zero/FRS/node_modules/react-dom/cjs/react-dom.development.js:22431:12)\n    at legacyRenderSubtreeIntoContainer (/root/stratum-zero/FRS/node_modules/react-dom/cjs/react-dom.development.js:26020:5)\n    at Object.render (/root/stratum-zero/FRS/node_modules/react-dom/cjs/react-dom.development.js:26103:10)\n    at /root/stratum-zero/FRS/node_modules/@testing-library/react/dist/pure.js:101:25\n    at batchedUpdates$1 (/root/stratum-zero/FRS/node_modules/react-dom/cjs/react-dom.development.js:22380:12)\n    at act (/root/stratum-zero/FRS/node_modules/react-dom/cjs/react-dom-test-utils.development.js:1042:14)\n    at render (/root/stratum-zero/FRS/node_modules/@testing-library/react/dist/pure.js:97:26)\n    at Object.<anonymous> (/root/stratum-zero/FRS/client/src/components/ThreatType.test.js:20:27)\n    at Promise.then.completed (/root/stratum-zero/FRS/node_modules/jest-circus/build/utils.js:316:28)\n    at new Promise (<anonymous>)\n    at callAsyncCircusFn (/root/stratum-zero/FRS/node_modules/jest-circus/build/utils.js:241:10)\n    at _callCircusTest (/root/stratum-zero/FRS/node_modules/jest-circus/build/run.js:218:40)\n    at processTicksAndRejections (internal/process/task_queues.js:93:5)\n    at _runTest (/root/stratum-zero/FRS/node_modules/jest-circus/build/run.js:155:3)\n    at _runTestsForDescribeBlock (/root/stratum-zero/FRS/node_modules/jest-circus/build/run.js:66:9)\n    at _runTestsForDescribeBlock (/root/stratum-zero/FRS/node_modules/jest-circus/build/run.js:60:9)\n    at run (/root/stratum-zero/FRS/node_modules/jest-circus/build/run.js:25:3)\n    at runAndTransformResultsToJestFormat (/root/stratum-zero/FRS/node_modules/jest-circus/build/legacy-code-todo-rewrite/jestAdapterInit.js:166:21)\n    at jestAdapter (/root/stratum-zero/FRS/node_modules/jest-circus/build/legacy-code-todo-rewrite/jestAdapter.js:82:19)\n    at runTestInternal (/root/stratum-zero/FRS/node_modules/jest-runner/build/runTest.js:389:16)\n    at runTest (/root/stratum-zero/FRS/node_modules/jest-runner/build/runTest.js:481:34)\n    at Object.worker (/root/stratum-zero/FRS/node_modules/jest-runner/build/testWorker.js:133:12)"
          ],
          "fullName": "<ThreatType/> human threat",
          "invocations": 1,
          "location": null,
          "numPassingAsserts": 0,
          "status": "failed",
          "title": "human threat"
        }
      ],
      "failureMessage": "\u001b[1m\u001b[31m  \u001b[1m● \u001b[22m\u001b[1m<ThreatType/> › renders\u001b[39m\u001b[22m\n\n    ReferenceError: props is not defined\n\u001b[2m\u001b[22m\n\u001b[2m    \u001b[0m \u001b[90m 2 |\u001b[39m\u001b[0m\u001b[22m\n\u001b[2m    \u001b[0m \u001b[90m 3 |\u001b[39m \u001b[36mconst\u001b[39m \u001b[33mThreatType\u001b[39m \u001b[33m=\u001b[39m ({ threatTypes }) \u001b[33m=>\u001b[39m {\u001b[0m\u001b[22m\n\u001b[2m    \u001b[0m\u001b[31m\u001b[1m>\u001b[22m\u001b[2m\u001b[39m\u001b[90m 4 |\u001b[39m   \u001b[36mconst\u001b[39m { handleToggleEmergencyType } \u001b[33m=\u001b[39m props\u001b[33m;\u001b[39m\u001b[0m\u001b[22m\n\u001b[2m    \u001b[0m \u001b[90m   |\u001b[39m                                         \u001b[31m\u001b[1m^\u001b[22m\u001b[2m\u001b[39m\u001b[0m\u001b[22m\n\u001b[2m    \u001b[0m \u001b[90m 5 |\u001b[39m   \u001b[36mreturn\u001b[39m (\u001b[0m\u001b[22m\n\u001b[2m    \u001b[0m \u001b[90m 6 |\u001b[39m     \u001b[33m<\u001b[39m\u001b[33mdiv\u001b[39m\u001b[33m>\u001b[39m\u001b[0m\u001b[22m\n\u001b[2m    \u001b[0m \u001b[90m 7 |\u001b[39m       \u001b[33m<\u001b[39m\u001b[33mbutton\u001b[39m\u001b[33m>\u001b[39m\u001b[33mSubmit\u001b[39m \u001b[33mInfo\u001b[39m\u001b[33m<\u001b[39m\u001b[33m/\u001b[39m\u001b[33mbutton\u001b[39m\u001b[33m>\u001b[39m\u001b[0m\u001b[22m\n\u001b[2m\u001b[22m\n\u001b[2m      \u001b[2mat ThreatType (\u001b[22m\u001b[2mclient/src/components/ThreatType.jsx\u001b[2m:4:41)\u001b[22m\u001b[2m\u001b[22m\n\u001b[2m      \u001b[2mat renderWithHooks (\u001b[22m\u001b[2mnode_modules/react-dom/cjs/react-dom.development.js\u001b[2m:14985:18)\u001b[22m\u001b[2m\u001b[22m\n\u001b[2m      \u001b[2mat mountIndeterminateComponent (\u001b[22m\u001b[2mnode_modules/react-dom/cjs/react-dom.development.js\u001b[2m:17811:13)\u001b[22m\u001b[2m\u001b[22m\n\u001b[2m      \u001b[2mat beginWork (\u001b[22m\u001b[2mnode_modules/react-dom/cjs/react-dom.development.js\u001b[2m:19049:16)\u001b[22m\u001b[2m\u001b[22m\n\u001b[2m      \u001b[2mat HTMLUnknownElement.callCallback (\u001b[22m\u001b[2mnode_modules/react-dom/cjs/react-dom.development.js\u001b[2m:3945:14)\u001b[22m\u001b[2m\u001b[22m\n\u001b[2m      \u001b[2mat HTMLUnknownElement.callTheUserObjectsOperation (\u001b[22m\u001b[2mnode_modules/jsdom/lib/jsdom/living/generated/EventListener.js\u001b[2m:26:30)\u001b[22m\u001b[2m\u001b[22m\n\u001b[2m      \u001b[2mat innerInvokeEventListeners (\u001b[22m\u001b[2mnode_modules/jsdom/lib/jsdom/living/events/EventTarget-impl.js\u001b[2m:338:25)\u001b[22m\u001b[2m\u001b[22m\n\u001b[2m      \u001b[2mat invokeEventListeners (\u001b[22m\u001b[2mnode_modules/jsdom/lib/jsdom/living/events/EventTarget-impl.js\u001b[2m:274:3)\u001b[22m\u001b[2m\u001b[22m\n\u001b[2m      \u001b[2mat HTMLUnknownElementImpl._dispatch (\u001b[22m\u001b[2mnode_modules/jsdom/lib/jsdom/living/events/EventTarget-impl.js\u001b[2m:221:9)\u001b[22m\u001b[2m\u001b[22m\n\u001b[2m      \u001b[2mat HTMLUnknownElementImpl.dispatchEvent (\u001b[22m\u001b[2mnode_modules/jsdom/lib/jsdom/living/events/EventTarget-impl.js\u001b[2m:94:17)\u001b[22m\u001b[2m\u001b[22m\n\u001b[2m      \u001b[2mat HTMLUnknownElement.dispatchEvent (\u001b[22m\u001b[2mnode_modules/jsdom/lib/jsdom/living/generated/EventTarget.js\u001b[2m:231:34)\u001b[22m\u001b[2m\u001b[22m\n\u001b[2m      \u001b[2mat Object.invokeGuardedCallbackDev (\u001b[22m\u001b[2mnode_modules/react-dom/cjs/react-dom.development.js\u001b[2m:3994:16)\u001b[22m\u001b[2m\u001b[22m\n\u001b[2m      \u001b[2mat invokeGuardedCallback (\u001b[22m\u001b[2mnode_modules/react-dom/cjs/react-dom.development.js\u001b[2m:4056:31)\u001b[22m\u001b[2m\u001b[22m\n\u001b[2m      \u001b[2mat beginWork$1 (\u001b[22m\u001b[2mnode_modules/react-dom/cjs/react-dom.development.js\u001b[2m:23964:7)\u001b[22m\u001b[2m\u001b[22m\n\u001b[2m      \u001b[2mat performUnitOfWork (\u001b[22m\u001b[2mnode_modules/react-dom/cjs/react-dom.development.js\u001b[2m:22779:12)\u001b[22m\u001b[2m\u001b[22m\n\u001b[2m      \u001b[2mat workLoopSync (\u001b[22m\u001b[2mnode_modules/react-dom/cjs/react-dom.development.js\u001b[2m:22707:5)\u001b[22m\u001b[2m\u001b[22m\n\u001b[2m      \u001b[2mat renderRootSync (\u001b[22m\u001b[2mnode_modules/react-dom/cjs/react-dom.development.js\u001b[2m:22670:7)\u001b[22m\u001b[2m\u001b[22m\n\u001b[2m      \u001b[2mat performSyncWorkOnRoot (\u001b[22m\u001b[2mnode_modules/react-dom/cjs/react-dom.development.js\u001b[2m:22293:18)\u001b[22m\u001b[2m\u001b[22m\n\u001b[2m      \u001b[2mat scheduleUpdateOnFiber (\u001b[22m\u001b[2mnode_modules/react-dom/cjs/react-dom.development.js\u001b[2m:21881:7)\u001b[22m\u001b[2m\u001b[22m\n\u001b[2m      \u001b[2mat updateContainer (\u001b[22m\u001b[2mnode_modules/react-dom/cjs/react-dom.development.js\u001b[2m:25482:3)\u001b[22m\u001b[2m\u001b[22m\n\u001b[2m      \u001b[2mat \u001b[22m\u001b[2mnode_modules/react-dom/cjs/react-dom.development.js\u001b[2m:26021:7\u001b[22m\u001b[2m\u001b[22m\n\u001b[2m      \u001b[2mat unbatchedUpdates (\u001b[22m\u001b[2mnode_modules/react-dom/cjs/react-dom.development.js\u001b[2m:22431:12)\u001b[22m\u001b[2m\u001b[22m\n\u001b[2m      \u001b[2mat legacyRenderSubtreeIntoContainer (\u001b[22m\u001b[2mnode_modules/react-dom/cjs/react-dom.development.js\u001b[2m:26020:5)\u001b[22m\u001b[2m\u001b[22m\n\u001b[2m      \u001b[2mat Object.render (\u001b[22m\u001b[2mnode_modules/react-dom/cjs/react-dom.development.js\u001b[2m:26103:10)\u001b[22m\u001b[2m\u001b[22m\n\u001b[2m      \u001b[2mat \u001b[22m\u001b[2mnode_modules/@testing-library/react/dist/pure.js\u001b[2m:101:25\u001b[22m\u001b[2m\u001b[22m\n\u001b[2m      \u001b[2mat batchedUpdates$1 (\u001b[22m\u001b[2mnode_modules/react-dom/cjs/react-dom.development.js\u001b[2m:22380:12)\u001b[22m\u001b[2m\u001b[22m\n\u001b[2m      \u001b[2mat act (\u001b[22m\u001b[2mnode_modules/react-dom/cjs/react-dom-test-utils.development.js\u001b[2m:1042:14)\u001b[22m\u001b[2m\u001b[22m\n\u001b[2m      \u001b[2mat render (\u001b[22m\u001b[2mnode_modules/@testing-library/react/dist/pure.js\u001b[2m:97:26)\u001b[22m\u001b[2m\u001b[22m\n\u001b[2m      \u001b[2mat Object.<anonymous> (\u001b[22m\u001b[2m\u001b[0m\u001b[36mclient/src/components/ThreatType.test.js\u001b[39m\u001b[0m\u001b[2m:9:5)\u001b[22m\u001b[2m\u001b[22m\n\n\u001b[1m\u001b[31m  \u001b[1m● \u001b[22m\u001b[1m<ThreatType/> › medical\u001b[39m\u001b[22m\n\n    ReferenceError: props is not defined\n\u001b[2m\u001b[22m\n\u001b[2m    \u001b[0m \u001b[90m 2 |\u001b[39m\u001b[0m\u001b[22m\n\u001b[2m    \u001b[0m \u001b[90m 3 |\u001b[39m \u001b[36mconst\u001b[39m \u001b[33mThreatType\u001b[39m \u001b[33m=\u001b[39m ({ threatTypes }) \u001b[33m=>\u001b[39m {\u001b[0m\u001b[22m\n\u001b[2m    \u001b[0m\u001b[31m\u001b[1m>\u001b[22m\u001b[2m\u001b[39m\u001b[90m 4 |\u001b[39m   \u001b[36mconst\u001b[39m { handleToggleEmergencyType } \u001b[33m=\u001b[39m props\u001b[33m;\u001b[39m\u001b[0m\u001b[22m\n\u001b[2m    \u001b[0m \u001b[90m   |\u001b[39m                                         \u001b[31m\u001b[1m^\u001b[22m\u001b[2m\u001b[39m\u001b[0m\u001b[22m\n\u001b[2m    \u001b[0m \u001b[90m 5 |\u001b[39m   \u001b[36mreturn\u001b[39m (\u001b[0m\u001b[22m\n\u001b[2m    \u001b[0m \u001b[90m 6 |\u001b[39m     \u001b[33m<\u001b[39m\u001b[33mdiv\u001b[39m\u001b[33m>\u001b[39m\u001b[0m\u001b[22m\n\u001b[2m    \u001b[0m \u001b[90m 7 |\u001b[39m       \u001b[33m<\u001b[39m\u001b[33mbutton\u001b[39m\u001b[33m>\u001b[39m\u001b[33mSubmit\u001b[39m \u001b[33mInfo\u001b[39m\u001b[33m<\u001b[39m\u001b[33m/\u001b[39m\u001b[33mbutton\u001b[39m\u001b[33m>\u001b[39m\u001b[0m\u001b[22m\n\u001b[2m\u001b[22m\n\u001b[2m      \u001b[2mat ThreatType (\u001b[22m\u001b[2mclient/src/components/ThreatType.jsx\u001b[2m:4:41)\u001b[22m\u001b[2m\u001b[22m\n\u001b[2m      \u001b[2mat renderWithHooks (\u001b[22m\u001b[2mnode_modules/react-dom/cjs/react-dom.development.js\u001b[2m:14985:18)\u001b[22m\u001b[2m\u001b[22m\n\u001b[2m      \u001b[2mat mountIndeterminateComponent (\u001b[22m\u001b[2mnode_modules/react-dom/cjs/react-dom.development.js\u001b[2m:17811:13)\u001b[22m\u001b[2m\u001b[22m\n\u001b[2m      \u001b[2mat beginWork (\u001b[22m\u001b[2mnode_modules/react-dom/cjs/react-dom.development.js\u001b[2m:19049:16)\u001b[22m\u001b[2m\u001b[22m\n\u001b[2m      \u001b[2mat HTMLUnknownElement.callCallback (\u001b[22m\u001b[2mnode_modules/react-dom/cjs/react-dom.development.js\u001b[2m:3945:14)\u001b[22m\u001b[2m\u001b[22m\n\u001b[2m      \u001b[2mat HTMLUnknownElement.callTheUserObjectsOperation (\u001b[22m\u001b[2mnode_modules/jsdom/lib/jsdom/living/generated/EventListener.js\u001b[2m:26:30)\u001b[22m\u001b[2m\u001b[22m\n\u001b[2m      \u001b[2mat innerInvokeEventListeners (\u001b[22m\u001b[2mnode_modules/jsdom/lib/jsdom/living/events/EventTarget-impl.js\u001b[2m:338:25)\u001b[22m\u001b[2m\u001b[22m\n\u001b[2m      \u001b[2mat invokeEventListeners (\u001b[22m\u001b[2mnode_modules/jsdom/lib/jsdom/living/events/EventTarget-impl.js\u001b[2m:274:3)\u001b[22m\u001b[2m\u001b[22m\n\u001b[2m      \u001b[2mat HTMLUnknownElementImpl._dispatch (\u001b[22m\u001b[2mnode_modules/jsdom/lib/jsdom/living/events/EventTarget-impl.js\u001b[2m:221:9)\u001b[22m\u001b[2m\u001b[22m\n\u001b[2m      \u001b[2mat HTMLUnknownElementImpl.dispatchEvent (\u001b[22m\u001b[2mnode_modules/jsdom/lib/jsdom/living/events/EventTarget-impl.js\u001b[2m:94:17)\u001b[22m\u001b[2m\u001b[22m\n\u001b[2m      \u001b[2mat HTMLUnknownElement.dispatchEvent (\u001b[22m\u001b[2mnode_modules/jsdom/lib/jsdom/living/generated/EventTarget.js\u001b[2m:231:34)\u001b[22m\u001b[2m\u001b[22m\n\u001b[2m      \u001b[2mat Object.invokeGuardedCallbackDev (\u001b[22m\u001b[2mnode_modules/react-dom/cjs/react-dom.development.js\u001b[2m:3994:16)\u001b[22m\u001b[2m\u001b[22m\n\u001b[2m      \u001b[2mat invokeGuardedCallback (\u001b[22m\u001b[2mnode_modules/react-dom/cjs/react-dom.development.js\u001b[2m:4056:31)\u001b[22m\u001b[2m\u001b[22m\n\u001b[2m      \u001b[2mat beginWork$1 (\u001b[22m\u001b[2mnode_modules/react-dom/cjs/react-dom.development.js\u001b[2m:23964:7)\u001b[22m\u001b[2m\u001b[22m\n\u001b[2m      \u001b[2mat performUnitOfWork (\u001b[22m\u001b[2mnode_modules/react-dom/cjs/react-dom.development.js\u001b[2m:22779:12)\u001b[22m\u001b[2m\u001b[22m\n\u001b[2m      \u001b[2mat workLoopSync (\u001b[22m\u001b[2mnode_modules/react-dom/cjs/react-dom.development.js\u001b[2m:22707:5)\u001b[22m\u001b[2m\u001b[22m\n\u001b[2m      \u001b[2mat renderRootSync (\u001b[22m\u001b[2mnode_modules/react-dom/cjs/react-dom.development.js\u001b[2m:22670:7)\u001b[22m\u001b[2m\u001b[22m\n\u001b[2m      \u001b[2mat performSyncWorkOnRoot (\u001b[22m\u001b[2mnode_modules/react-dom/cjs/react-dom.development.js\u001b[2m:22293:18)\u001b[22m\u001b[2m\u001b[22m\n\u001b[2m      \u001b[2mat scheduleUpdateOnFiber (\u001b[22m\u001b[2mnode_modules/react-dom/cjs/react-dom.development.js\u001b[2m:21881:7)\u001b[22m\u001b[2m\u001b[22m\n\u001b[2m      \u001b[2mat updateContainer (\u001b[22m\u001b[2mnode_modules/react-dom/cjs/react-dom.development.js\u001b[2m:25482:3)\u001b[22m\u001b[2m\u001b[22m\n\u001b[2m      \u001b[2mat \u001b[22m\u001b[2mnode_modules/react-dom/cjs/react-dom.development.js\u001b[2m:26021:7\u001b[22m\u001b[2m\u001b[22m\n\u001b[2m      \u001b[2mat unbatchedUpdates (\u001b[22m\u001b[2mnode_modules/react-dom/cjs/react-dom.development.js\u001b[2m:22431:12)\u001b[22m\u001b[2m\u001b[22m\n\u001b[2m      \u001b[2mat legacyRenderSubtreeIntoContainer (\u001b[22m\u001b[2mnode_modules/react-dom/cjs/react-dom.development.js\u001b[2m:26020:5)\u001b[22m\u001b[2m\u001b[22m\n\u001b[2m      \u001b[2mat Object.render (\u001b[22m\u001b[2mnode_modules/react-dom/cjs/react-dom.development.js\u001b[2m:26103:10)\u001b[22m\u001b[2m\u001b[22m\n\u001b[2m      \u001b[2mat \u001b[22m\u001b[2mnode_modules/@testing-library/react/dist/pure.js\u001b[2m:101:25\u001b[22m\u001b[2m\u001b[22m\n\u001b[2m      \u001b[2mat batchedUpdates$1 (\u001b[22m\u001b[2mnode_modules/react-dom/cjs/react-dom.development.js\u001b[2m:22380:12)\u001b[22m\u001b[2m\u001b[22m\n\u001b[2m      \u001b[2mat act (\u001b[22m\u001b[2mnode_modules/react-dom/cjs/react-dom-test-utils.development.js\u001b[2m:1042:14)\u001b[22m\u001b[2m\u001b[22m\n\u001b[2m      \u001b[2mat render (\u001b[22m\u001b[2mnode_modules/@testing-library/react/dist/pure.js\u001b[2m:97:26)\u001b[22m\u001b[2m\u001b[22m\n\u001b[2m      \u001b[2mat Object.<anonymous> (\u001b[22m\u001b[2m\u001b[0m\u001b[36mclient/src/components/ThreatType.test.js\u001b[39m\u001b[0m\u001b[2m:12:27)\u001b[22m\u001b[2m\u001b[22m\n\n\u001b[1m\u001b[31m  \u001b[1m● \u001b[22m\u001b[1m<ThreatType/> › fire\u001b[39m\u001b[22m\n\n    ReferenceError: props is not defined\n\u001b[2m\u001b[22m\n\u001b[2m    \u001b[0m \u001b[90m 2 |\u001b[39m\u001b[0m\u001b[22m\n\u001b[2m    \u001b[0m \u001b[90m 3 |\u001b[39m \u001b[36mconst\u001b[39m \u001b[33mThreatType\u001b[39m \u001b[33m=\u001b[39m ({ threatTypes }) \u001b[33m=>\u001b[39m {\u001b[0m\u001b[22m\n\u001b[2m    \u001b[0m\u001b[31m\u001b[1m>\u001b[22m\u001b[2m\u001b[39m\u001b[90m 4 |\u001b[39m   \u001b[36mconst\u001b[39m { handleToggleEmergencyType } \u001b[33m=\u001b[39m props\u001b[33m;\u001b[39m\u001b[0m\u001b[22m\n\u001b[2m    \u001b[0m \u001b[90m   |\u001b[39m                                         \u001b[31m\u001b[1m^\u001b[22m\u001b[2m\u001b[39m\u001b[0m\u001b[22m\n\u001b[2m    \u001b[0m \u001b[90m 5 |\u001b[39m   \u001b[36mreturn\u001b[39m (\u001b[0m\u001b[22m\n\u001b[2m    \u001b[0m \u001b[90m 6 |\u001b[39m     \u001b[33m<\u001b[39m\u001b[33mdiv\u001b[39m\u001b[33m>\u001b[39m\u001b[0m\u001b[22m\n\u001b[2m    \u001b[0m \u001b[90m 7 |\u001b[39m       \u001b[33m<\u001b[39m\u001b[33mbutton\u001b[39m\u001b[33m>\u001b[39m\u001b[33mSubmit\u001b[39m \u001b[33mInfo\u001b[39m\u001b[33m<\u001b[39m\u001b[33m/\u001b[39m\u001b[33mbutton\u001b[39m\u001b[33m>\u001b[39m\u001b[0m\u001b[22m\n\u001b[2m\u001b[22m\n\u001b[2m      \u001b[2mat ThreatType (\u001b[22m\u001b[2mclient/src/components/ThreatType.jsx\u001b[2m:4:41)\u001b[22m\u001b[2m\u001b[22m\n\u001b[2m      \u001b[2mat renderWithHooks (\u001b[22m\u001b[2mnode_modules/react-dom/cjs/react-dom.development.js\u001b[2m:14985:18)\u001b[22m\u001b[2m\u001b[22m\n\u001b[2m      \u001b[2mat mountIndeterminateComponent (\u001b[22m\u001b[2mnode_modules/react-dom/cjs/react-dom.development.js\u001b[2m:17811:13)\u001b[22m\u001b[2m\u001b[22m\n\u001b[2m      \u001b[2mat beginWork (\u001b[22m\u001b[2mnode_modules/react-dom/cjs/react-dom.development.js\u001b[2m:19049:16)\u001b[22m\u001b[2m\u001b[22m\n\u001b[2m      \u001b[2mat HTMLUnknownElement.callCallback (\u001b[22m\u001b[2mnode_modules/react-dom/cjs/react-dom.development.js\u001b[2m:3945:14)\u001b[22m\u001b[2m\u001b[22m\n\u001b[2m      \u001b[2mat HTMLUnknownElement.callTheUserObjectsOperation (\u001b[22m\u001b[2mnode_modules/jsdom/lib/jsdom/living/generated/EventListener.js\u001b[2m:26:30)\u001b[22m\u001b[2m\u001b[22m\n\u001b[2m      \u001b[2mat innerInvokeEventListeners (\u001b[22m\u001b[2mnode_modules/jsdom/lib/jsdom/living/events/EventTarget-impl.js\u001b[2m:338:25)\u001b[22m\u001b[2m\u001b[22m\n\u001b[2m      \u001b[2mat invokeEventListeners (\u001b[22m\u001b[2mnode_modules/jsdom/lib/jsdom/living/events/EventTarget-impl.js\u001b[2m:274:3)\u001b[22m\u001b[2m\u001b[22m\n\u001b[2m      \u001b[2mat HTMLUnknownElementImpl._dispatch (\u001b[22m\u001b[2mnode_modules/jsdom/lib/jsdom/living/events/EventTarget-impl.js\u001b[2m:221:9)\u001b[22m\u001b[2m\u001b[22m\n\u001b[2m      \u001b[2mat HTMLUnknownElementImpl.dispatchEvent (\u001b[22m\u001b[2mnode_modules/jsdom/lib/jsdom/living/events/EventTarget-impl.js\u001b[2m:94:17)\u001b[22m\u001b[2m\u001b[22m\n\u001b[2m      \u001b[2mat HTMLUnknownElement.dispatchEvent (\u001b[22m\u001b[2mnode_modules/jsdom/lib/jsdom/living/generated/EventTarget.js\u001b[2m:231:34)\u001b[22m\u001b[2m\u001b[22m\n\u001b[2m      \u001b[2mat Object.invokeGuardedCallbackDev (\u001b[22m\u001b[2mnode_modules/react-dom/cjs/react-dom.development.js\u001b[2m:3994:16)\u001b[22m\u001b[2m\u001b[22m\n\u001b[2m      \u001b[2mat invokeGuardedCallback (\u001b[22m\u001b[2mnode_modules/react-dom/cjs/react-dom.development.js\u001b[2m:4056:31)\u001b[22m\u001b[2m\u001b[22m\n\u001b[2m      \u001b[2mat beginWork$1 (\u001b[22m\u001b[2mnode_modules/react-dom/cjs/react-dom.development.js\u001b[2m:23964:7)\u001b[22m\u001b[2m\u001b[22m\n\u001b[2m      \u001b[2mat performUnitOfWork (\u001b[22m\u001b[2mnode_modules/react-dom/cjs/react-dom.development.js\u001b[2m:22779:12)\u001b[22m\u001b[2m\u001b[22m\n\u001b[2m      \u001b[2mat workLoopSync (\u001b[22m\u001b[2mnode_modules/react-dom/cjs/react-dom.development.js\u001b[2m:22707:5)\u001b[22m\u001b[2m\u001b[22m\n\u001b[2m      \u001b[2mat renderRootSync (\u001b[22m\u001b[2mnode_modules/react-dom/cjs/react-dom.development.js\u001b[2m:22670:7)\u001b[22m\u001b[2m\u001b[22m\n\u001b[2m      \u001b[2mat performSyncWorkOnRoot (\u001b[22m\u001b[2mnode_modules/react-dom/cjs/react-dom.development.js\u001b[2m:22293:18)\u001b[22m\u001b[2m\u001b[22m\n\u001b[2m      \u001b[2mat scheduleUpdateOnFiber (\u001b[22m\u001b[2mnode_modules/react-dom/cjs/react-dom.development.js\u001b[2m:21881:7)\u001b[22m\u001b[2m\u001b[22m\n\u001b[2m      \u001b[2mat updateContainer (\u001b[22m\u001b[2mnode_modules/react-dom/cjs/react-dom.development.js\u001b[2m:25482:3)\u001b[22m\u001b[2m\u001b[22m\n\u001b[2m      \u001b[2mat \u001b[22m\u001b[2mnode_modules/react-dom/cjs/react-dom.development.js\u001b[2m:26021:7\u001b[22m\u001b[2m\u001b[22m\n\u001b[2m      \u001b[2mat unbatchedUpdates (\u001b[22m\u001b[2mnode_modules/react-dom/cjs/react-dom.development.js\u001b[2m:22431:12)\u001b[22m\u001b[2m\u001b[22m\n\u001b[2m      \u001b[2mat legacyRenderSubtreeIntoContainer (\u001b[22m\u001b[2mnode_modules/react-dom/cjs/react-dom.development.js\u001b[2m:26020:5)\u001b[22m\u001b[2m\u001b[22m\n\u001b[2m      \u001b[2mat Object.render (\u001b[22m\u001b[2mnode_modules/react-dom/cjs/react-dom.development.js\u001b[2m:26103:10)\u001b[22m\u001b[2m\u001b[22m\n\u001b[2m      \u001b[2mat \u001b[22m\u001b[2mnode_modules/@testing-library/react/dist/pure.js\u001b[2m:101:25\u001b[22m\u001b[2m\u001b[22m\n\u001b[2m      \u001b[2mat batchedUpdates$1 (\u001b[22m\u001b[2mnode_modules/react-dom/cjs/react-dom.development.js\u001b[2m:22380:12)\u001b[22m\u001b[2m\u001b[22m\n\u001b[2m      \u001b[2mat act (\u001b[22m\u001b[2mnode_modules/react-dom/cjs/react-dom-test-utils.development.js\u001b[2m:1042:14)\u001b[22m\u001b[2m\u001b[22m\n\u001b[2m      \u001b[2mat render (\u001b[22m\u001b[2mnode_modules/@testing-library/react/dist/pure.js\u001b[2m:97:26)\u001b[22m\u001b[2m\u001b[22m\n\u001b[2m      \u001b[2mat Object.<anonymous> (\u001b[22m\u001b[2m\u001b[0m\u001b[36mclient/src/components/ThreatType.test.js\u001b[39m\u001b[0m\u001b[2m:16:27)\u001b[22m\u001b[2m\u001b[22m\n\n\u001b[1m\u001b[31m  \u001b[1m● \u001b[22m\u001b[1m<ThreatType/> › human threat\u001b[39m\u001b[22m\n\n    ReferenceError: props is not defined\n\u001b[2m\u001b[22m\n\u001b[2m    \u001b[0m \u001b[90m 2 |\u001b[39m\u001b[0m\u001b[22m\n\u001b[2m    \u001b[0m \u001b[90m 3 |\u001b[39m \u001b[36mconst\u001b[39m \u001b[33mThreatType\u001b[39m \u001b[33m=\u001b[39m ({ threatTypes }) \u001b[33m=>\u001b[39m {\u001b[0m\u001b[22m\n\u001b[2m    \u001b[0m\u001b[31m\u001b[1m>\u001b[22m\u001b[2m\u001b[39m\u001b[90m 4 |\u001b[39m   \u001b[36mconst\u001b[39m { handleToggleEmergencyType } \u001b[33m=\u001b[39m props\u001b[33m;\u001b[39m\u001b[0m\u001b[22m\n\u001b[2m    \u001b[0m \u001b[90m   |\u001b[39m                                         \u001b[31m\u001b[1m^\u001b[22m\u001b[2m\u001b[39m\u001b[0m\u001b[22m\n\u001b[2m    \u001b[0m \u001b[90m 5 |\u001b[39m   \u001b[36mreturn\u001b[39m (\u001b[0m\u001b[22m\n\u001b[2m    \u001b[0m \u001b[90m 6 |\u001b[39m     \u001b[33m<\u001b[39m\u001b[33mdiv\u001b[39m\u001b[33m>\u001b[39m\u001b[0m\u001b[22m\n\u001b[2m    \u001b[0m \u001b[90m 7 |\u001b[39m       \u001b[33m<\u001b[39m\u001b[33mbutton\u001b[39m\u001b[33m>\u001b[39m\u001b[33mSubmit\u001b[39m \u001b[33mInfo\u001b[39m\u001b[33m<\u001b[39m\u001b[33m/\u001b[39m\u001b[33mbutton\u001b[39m\u001b[33m>\u001b[39m\u001b[0m\u001b[22m\n\u001b[2m\u001b[22m\n\u001b[2m      \u001b[2mat ThreatType (\u001b[22m\u001b[2mclient/src/components/ThreatType.jsx\u001b[2m:4:41)\u001b[22m\u001b[2m\u001b[22m\n\u001b[2m      \u001b[2mat renderWithHooks (\u001b[22m\u001b[2mnode_modules/react-dom/cjs/react-dom.development.js\u001b[2m:14985:18)\u001b[22m\u001b[2m\u001b[22m\n\u001b[2m      \u001b[2mat mountIndeterminateComponent (\u001b[22m\u001b[2mnode_modules/react-dom/cjs/react-dom.development.js\u001b[2m:17811:13)\u001b[22m\u001b[2m\u001b[22m\n\u001b[2m      \u001b[2mat beginWork (\u001b[22m\u001b[2mnode_modules/react-dom/cjs/react-dom.development.js\u001b[2m:19049:16)\u001b[22m\u001b[2m\u001b[22m\n\u001b[2m      \u001b[2mat HTMLUnknownElement.callCallback (\u001b[22m\u001b[2mnode_modules/react-dom/cjs/react-dom.development.js\u001b[2m:3945:14)\u001b[22m\u001b[2m\u001b[22m\n\u001b[2m      \u001b[2mat HTMLUnknownElement.callTheUserObjectsOperation (\u001b[22m\u001b[2mnode_modules/jsdom/lib/jsdom/living/generated/EventListener.js\u001b[2m:26:30)\u001b[22m\u001b[2m\u001b[22m\n\u001b[2m      \u001b[2mat innerInvokeEventListeners (\u001b[22m\u001b[2mnode_modules/jsdom/lib/jsdom/living/events/EventTarget-impl.js\u001b[2m:338:25)\u001b[22m\u001b[2m\u001b[22m\n\u001b[2m      \u001b[2mat invokeEventListeners (\u001b[22m\u001b[2mnode_modules/jsdom/lib/jsdom/living/events/EventTarget-impl.js\u001b[2m:274:3)\u001b[22m\u001b[2m\u001b[22m\n\u001b[2m      \u001b[2mat HTMLUnknownElementImpl._dispatch (\u001b[22m\u001b[2mnode_modules/jsdom/lib/jsdom/living/events/EventTarget-impl.js\u001b[2m:221:9)\u001b[22m\u001b[2m\u001b[22m\n\u001b[2m      \u001b[2mat HTMLUnknownElementImpl.dispatchEvent (\u001b[22m\u001b[2mnode_modules/jsdom/lib/jsdom/living/events/EventTarget-impl.js\u001b[2m:94:17)\u001b[22m\u001b[2m\u001b[22m\n\u001b[2m      \u001b[2mat HTMLUnknownElement.dispatchEvent (\u001b[22m\u001b[2mnode_modules/jsdom/lib/jsdom/living/generated/EventTarget.js\u001b[2m:231:34)\u001b[22m\u001b[2m\u001b[22m\n\u001b[2m      \u001b[2mat Object.invokeGuardedCallbackDev (\u001b[22m\u001b[2mnode_modules/react-dom/cjs/react-dom.development.js\u001b[2m:3994:16)\u001b[22m\u001b[2m\u001b[22m\n\u001b[2m      \u001b[2mat invokeGuardedCallback (\u001b[22m\u001b[2mnode_modules/react-dom/cjs/react-dom.development.js\u001b[2m:4056:31)\u001b[22m\u001b[2m\u001b[22m\n\u001b[2m      \u001b[2mat beginWork$1 (\u001b[22m\u001b[2mnode_modules/react-dom/cjs/react-dom.development.js\u001b[2m:23964:7)\u001b[22m\u001b[2m\u001b[22m\n\u001b[2m      \u001b[2mat performUnitOfWork (\u001b[22m\u001b[2mnode_modules/react-dom/cjs/react-dom.development.js\u001b[2m:22779:12)\u001b[22m\u001b[2m\u001b[22m\n\u001b[2m      \u001b[2mat workLoopSync (\u001b[22m\u001b[2mnode_modules/react-dom/cjs/react-dom.development.js\u001b[2m:22707:5)\u001b[22m\u001b[2m\u001b[22m\n\u001b[2m      \u001b[2mat renderRootSync (\u001b[22m\u001b[2mnode_modules/react-dom/cjs/react-dom.development.js\u001b[2m:22670:7)\u001b[22m\u001b[2m\u001b[22m\n\u001b[2m      \u001b[2mat performSyncWorkOnRoot (\u001b[22m\u001b[2mnode_modules/react-dom/cjs/react-dom.development.js\u001b[2m:22293:18)\u001b[22m\u001b[2m\u001b[22m\n\u001b[2m      \u001b[2mat scheduleUpdateOnFiber (\u001b[22m\u001b[2mnode_modules/react-dom/cjs/react-dom.development.js\u001b[2m:21881:7)\u001b[22m\u001b[2m\u001b[22m\n\u001b[2m      \u001b[2mat updateContainer (\u001b[22m\u001b[2mnode_modules/react-dom/cjs/react-dom.development.js\u001b[2m:25482:3)\u001b[22m\u001b[2m\u001b[22m\n\u001b[2m      \u001b[2mat \u001b[22m\u001b[2mnode_modules/react-dom/cjs/react-dom.development.js\u001b[2m:26021:7\u001b[22m\u001b[2m\u001b[22m\n\u001b[2m      \u001b[2mat unbatchedUpdates (\u001b[22m\u001b[2mnode_modules/react-dom/cjs/react-dom.development.js\u001b[2m:22431:12)\u001b[22m\u001b[2m\u001b[22m\n\u001b[2m      \u001b[2mat legacyRenderSubtreeIntoContainer (\u001b[22m\u001b[2mnode_modules/react-dom/cjs/react-dom.development.js\u001b[2m:26020:5)\u001b[22m\u001b[2m\u001b[22m\n\u001b[2m      \u001b[2mat Object.render (\u001b[22m\u001b[2mnode_modules/react-dom/cjs/react-dom.development.js\u001b[2m:26103:10)\u001b[22m\u001b[2m\u001b[22m\n\u001b[2m      \u001b[2mat \u001b[22m\u001b[2mnode_modules/@testing-library/react/dist/pure.js\u001b[2m:101:25\u001b[22m\u001b[2m\u001b[22m\n\u001b[2m      \u001b[2mat batchedUpdates$1 (\u001b[22m\u001b[2mnode_modules/react-dom/cjs/react-dom.development.js\u001b[2m:22380:12)\u001b[22m\u001b[2m\u001b[22m\n\u001b[2m      \u001b[2mat act (\u001b[22m\u001b[2mnode_modules/react-dom/cjs/react-dom-test-utils.development.js\u001b[2m:1042:14)\u001b[22m\u001b[2m\u001b[22m\n\u001b[2m      \u001b[2mat render (\u001b[22m\u001b[2mnode_modules/@testing-library/react/dist/pure.js\u001b[2m:97:26)\u001b[22m\u001b[2m\u001b[22m\n\u001b[2m      \u001b[2mat Object.<anonymous> (\u001b[22m\u001b[2m\u001b[0m\u001b[36mclient/src/components/ThreatType.test.js\u001b[39m\u001b[0m\u001b[2m:20:27)\u001b[22m\u001b[2m\u001b[22m\n"
    },
    {
      "leaks": false,
      "numFailingTests": 1,
      "numPassingTests": 1,
      "numPendingTests": 0,
      "numTodoTests": 0,
      "openHandles": [],
      "perfStats": {
        "end": 1625688132138,
        "runtime": 32981,
        "slow": true,
        "start": 1625688099157
      },
      "skipped": false,
      "snapshot": {
        "added": 0,
        "fileDeleted": false,
        "matched": 0,
        "unchecked": 0,
        "uncheckedKeys": [],
        "unmatched": 0,
        "updated": 0
      },
      "testFilePath": "/root/stratum-zero/FRS/client/src/components/ActivationPage.test.js",
      "testResults": [
        {
          "ancestorTitles": [
            "ActivationPage Component"
          ],
          "duration": 2101,
          "failureDetails": [],
          "failureMessages": [],
          "fullName": "ActivationPage Component renders the ActivationPage component with activation button",
          "invocations": 1,
          "location": null,
          "numPassingAsserts": 0,
          "status": "passed",
          "title": "renders the ActivationPage component with activation button"
        },
        {
          "ancestorTitles": [
            "ActivationPage Component"
          ],
          "duration": 13014,
          "failureDetails": [
            {}
          ],
          "failureMessages": [
            "ReferenceError: props is not defined\n    at ThreatType (/root/stratum-zero/FRS/client/src/components/ThreatType.jsx:4:41)\n    at renderWithHooks (/root/stratum-zero/FRS/node_modules/react-dom/cjs/react-dom.development.js:14985:18)\n    at mountIndeterminateComponent (/root/stratum-zero/FRS/node_modules/react-dom/cjs/react-dom.development.js:17811:13)\n    at beginWork (/root/stratum-zero/FRS/node_modules/react-dom/cjs/react-dom.development.js:19049:16)\n    at HTMLUnknownElement.callCallback (/root/stratum-zero/FRS/node_modules/react-dom/cjs/react-dom.development.js:3945:14)\n    at HTMLUnknownElement.callTheUserObjectsOperation (/root/stratum-zero/FRS/node_modules/jsdom/lib/jsdom/living/generated/EventListener.js:26:30)\n    at innerInvokeEventListeners (/root/stratum-zero/FRS/node_modules/jsdom/lib/jsdom/living/events/EventTarget-impl.js:338:25)\n    at invokeEventListeners (/root/stratum-zero/FRS/node_modules/jsdom/lib/jsdom/living/events/EventTarget-impl.js:274:3)\n    at HTMLUnknownElementImpl._dispatch (/root/stratum-zero/FRS/node_modules/jsdom/lib/jsdom/living/events/EventTarget-impl.js:221:9)\n    at HTMLUnknownElementImpl.dispatchEvent (/root/stratum-zero/FRS/node_modules/jsdom/lib/jsdom/living/events/EventTarget-impl.js:94:17)\n    at HTMLUnknownElement.dispatchEvent (/root/stratum-zero/FRS/node_modules/jsdom/lib/jsdom/living/generated/EventTarget.js:231:34)\n    at Object.invokeGuardedCallbackDev (/root/stratum-zero/FRS/node_modules/react-dom/cjs/react-dom.development.js:3994:16)\n    at invokeGuardedCallback (/root/stratum-zero/FRS/node_modules/react-dom/cjs/react-dom.development.js:4056:31)\n    at beginWork$1 (/root/stratum-zero/FRS/node_modules/react-dom/cjs/react-dom.development.js:23964:7)\n    at performUnitOfWork (/root/stratum-zero/FRS/node_modules/react-dom/cjs/react-dom.development.js:22779:12)\n    at workLoopSync (/root/stratum-zero/FRS/node_modules/react-dom/cjs/react-dom.development.js:22707:5)\n    at renderRootSync (/root/stratum-zero/FRS/node_modules/react-dom/cjs/react-dom.development.js:22670:7)\n    at performSyncWorkOnRoot (/root/stratum-zero/FRS/node_modules/react-dom/cjs/react-dom.development.js:22293:18)\n    at /root/stratum-zero/FRS/node_modules/react-dom/cjs/react-dom.development.js:11327:26\n    at unstable_runWithPriority (/root/stratum-zero/FRS/node_modules/scheduler/cjs/scheduler.development.js:468:12)\n    at runWithPriority$1 (/root/stratum-zero/FRS/node_modules/react-dom/cjs/react-dom.development.js:11276:10)\n    at flushSyncCallbackQueueImpl (/root/stratum-zero/FRS/node_modules/react-dom/cjs/react-dom.development.js:11322:9)\n    at flushSyncCallbackQueue (/root/stratum-zero/FRS/node_modules/react-dom/cjs/react-dom.development.js:11309:3)\n    at batchedUpdates$1 (/root/stratum-zero/FRS/node_modules/react-dom/cjs/react-dom.development.js:22387:7)\n    at act (/root/stratum-zero/FRS/node_modules/react-dom/cjs/react-dom-test-utils.development.js:1042:14)\n    at Object.eventWrapper (/root/stratum-zero/FRS/node_modules/@testing-library/react/dist/pure.js:65:28)\n    at fireEvent (/root/stratum-zero/FRS/node_modules/@testing-library/dom/dist/events.js:16:35)\n    at Function.fireEvent.<computed> [as click] (/root/stratum-zero/FRS/node_modules/@testing-library/dom/dist/events.js:125:36)\n    at fireClick (/root/stratum-zero/FRS/node_modules/@testing-library/user-event/dist/click.js:146:20)\n    at clickElement (/root/stratum-zero/FRS/node_modules/@testing-library/user-event/dist/click.js:91:5)\n    at Object.click (/root/stratum-zero/FRS/node_modules/@testing-library/user-event/dist/click.js:136:5)\n    at Object.<anonymous> (/root/stratum-zero/FRS/client/src/components/ActivationPage.test.js:16:15)\n    at Promise.then.completed (/root/stratum-zero/FRS/node_modules/jest-circus/build/utils.js:316:28)\n    at new Promise (<anonymous>)\n    at callAsyncCircusFn (/root/stratum-zero/FRS/node_modules/jest-circus/build/utils.js:241:10)\n    at _callCircusTest (/root/stratum-zero/FRS/node_modules/jest-circus/build/run.js:218:40)\n    at processTicksAndRejections (internal/process/task_queues.js:93:5)\n    at _runTest (/root/stratum-zero/FRS/node_modules/jest-circus/build/run.js:155:3)\n    at _runTestsForDescribeBlock (/root/stratum-zero/FRS/node_modules/jest-circus/build/run.js:66:9)\n    at _runTestsForDescribeBlock (/root/stratum-zero/FRS/node_modules/jest-circus/build/run.js:60:9)\n    at run (/root/stratum-zero/FRS/node_modules/jest-circus/build/run.js:25:3)\n    at runAndTransformResultsToJestFormat (/root/stratum-zero/FRS/node_modules/jest-circus/build/legacy-code-todo-rewrite/jestAdapterInit.js:166:21)\n    at jestAdapter (/root/stratum-zero/FRS/node_modules/jest-circus/build/legacy-code-todo-rewrite/jestAdapter.js:82:19)\n    at runTestInternal (/root/stratum-zero/FRS/node_modules/jest-runner/build/runTest.js:389:16)\n    at runTest (/root/stratum-zero/FRS/node_modules/jest-runner/build/runTest.js:481:34)\n    at Object.worker (/root/stratum-zero/FRS/node_modules/jest-runner/build/testWorker.js:133:12)"
          ],
          "fullName": "ActivationPage Component Displays activation message on clicking the activation button",
          "invocations": 1,
          "location": null,
          "numPassingAsserts": 0,
          "status": "failed",
          "title": "Displays activation message on clicking the activation button"
        }
      ],
      "failureMessage": "\u001b[1m\u001b[31m  \u001b[1m● \u001b[22m\u001b[1mActivationPage Component › Displays activation message on clicking the activation button\u001b[39m\u001b[22m\n\n    ReferenceError: props is not defined\n\u001b[2m\u001b[22m\n\u001b[2m    \u001b[0m \u001b[90m 2 |\u001b[39m\u001b[0m\u001b[22m\n\u001b[2m    \u001b[0m \u001b[90m 3 |\u001b[39m \u001b[36mconst\u001b[39m \u001b[33mThreatType\u001b[39m \u001b[33m=\u001b[39m ({ threatTypes }) \u001b[33m=>\u001b[39m {\u001b[0m\u001b[22m\n\u001b[2m    \u001b[0m\u001b[31m\u001b[1m>\u001b[22m\u001b[2m\u001b[39m\u001b[90m 4 |\u001b[39m   \u001b[36mconst\u001b[39m { handleToggleEmergencyType } \u001b[33m=\u001b[39m props\u001b[33m;\u001b[39m\u001b[0m\u001b[22m\n\u001b[2m    \u001b[0m \u001b[90m   |\u001b[39m                                         \u001b[31m\u001b[1m^\u001b[22m\u001b[2m\u001b[39m\u001b[0m\u001b[22m\n\u001b[2m    \u001b[0m \u001b[90m 5 |\u001b[39m   \u001b[36mreturn\u001b[39m (\u001b[0m\u001b[22m\n\u001b[2m    \u001b[0m \u001b[90m 6 |\u001b[39m     \u001b[33m<\u001b[39m\u001b[33mdiv\u001b[39m\u001b[33m>\u001b[39m\u001b[0m\u001b[22m\n\u001b[2m    \u001b[0m \u001b[90m 7 |\u001b[39m       \u001b[33m<\u001b[39m\u001b[33mbutton\u001b[39m\u001b[33m>\u001b[39m\u001b[33mSubmit\u001b[39m \u001b[33mInfo\u001b[39m\u001b[33m<\u001b[39m\u001b[33m/\u001b[39m\u001b[33mbutton\u001b[39m\u001b[33m>\u001b[39m\u001b[0m\u001b[22m\n\u001b[2m\u001b[22m\n\u001b[2m      \u001b[2mat ThreatType (\u001b[22m\u001b[2mclient/src/components/ThreatType.jsx\u001b[2m:4:41)\u001b[22m\u001b[2m\u001b[22m\n\u001b[2m      \u001b[2mat renderWithHooks (\u001b[22m\u001b[2mnode_modules/react-dom/cjs/react-dom.development.js\u001b[2m:14985:18)\u001b[22m\u001b[2m\u001b[22m\n\u001b[2m      \u001b[2mat mountIndeterminateComponent (\u001b[22m\u001b[2mnode_modules/react-dom/cjs/react-dom.development.js\u001b[2m:17811:13)\u001b[22m\u001b[2m\u001b[22m\n\u001b[2m      \u001b[2mat beginWork (\u001b[22m\u001b[2mnode_modules/react-dom/cjs/react-dom.development.js\u001b[2m:19049:16)\u001b[22m\u001b[2m\u001b[22m\n\u001b[2m      \u001b[2mat HTMLUnknownElement.callCallback (\u001b[22m\u001b[2mnode_modules/react-dom/cjs/react-dom.development.js\u001b[2m:3945:14)\u001b[22m\u001b[2m\u001b[22m\n\u001b[2m      \u001b[2mat HTMLUnknownElement.callTheUserObjectsOperation (\u001b[22m\u001b[2mnode_modules/jsdom/lib/jsdom/living/generated/EventListener.js\u001b[2m:26:30)\u001b[22m\u001b[2m\u001b[22m\n\u001b[2m      \u001b[2mat innerInvokeEventListeners (\u001b[22m\u001b[2mnode_modules/jsdom/lib/jsdom/living/events/EventTarget-impl.js\u001b[2m:338:25)\u001b[22m\u001b[2m\u001b[22m\n\u001b[2m      \u001b[2mat invokeEventListeners (\u001b[22m\u001b[2mnode_modules/jsdom/lib/jsdom/living/events/EventTarget-impl.js\u001b[2m:274:3)\u001b[22m\u001b[2m\u001b[22m\n\u001b[2m      \u001b[2mat HTMLUnknownElementImpl._dispatch (\u001b[22m\u001b[2mnode_modules/jsdom/lib/jsdom/living/events/EventTarget-impl.js\u001b[2m:221:9)\u001b[22m\u001b[2m\u001b[22m\n\u001b[2m      \u001b[2mat HTMLUnknownElementImpl.dispatchEvent (\u001b[22m\u001b[2mnode_modules/jsdom/lib/jsdom/living/events/EventTarget-impl.js\u001b[2m:94:17)\u001b[22m\u001b[2m\u001b[22m\n\u001b[2m      \u001b[2mat HTMLUnknownElement.dispatchEvent (\u001b[22m\u001b[2mnode_modules/jsdom/lib/jsdom/living/generated/EventTarget.js\u001b[2m:231:34)\u001b[22m\u001b[2m\u001b[22m\n\u001b[2m      \u001b[2mat Object.invokeGuardedCallbackDev (\u001b[22m\u001b[2mnode_modules/react-dom/cjs/react-dom.development.js\u001b[2m:3994:16)\u001b[22m\u001b[2m\u001b[22m\n\u001b[2m      \u001b[2mat invokeGuardedCallback (\u001b[22m\u001b[2mnode_modules/react-dom/cjs/react-dom.development.js\u001b[2m:4056:31)\u001b[22m\u001b[2m\u001b[22m\n\u001b[2m      \u001b[2mat beginWork$1 (\u001b[22m\u001b[2mnode_modules/react-dom/cjs/react-dom.development.js\u001b[2m:23964:7)\u001b[22m\u001b[2m\u001b[22m\n\u001b[2m      \u001b[2mat performUnitOfWork (\u001b[22m\u001b[2mnode_modules/react-dom/cjs/react-dom.development.js\u001b[2m:22779:12)\u001b[22m\u001b[2m\u001b[22m\n\u001b[2m      \u001b[2mat workLoopSync (\u001b[22m\u001b[2mnode_modules/react-dom/cjs/react-dom.development.js\u001b[2m:22707:5)\u001b[22m\u001b[2m\u001b[22m\n\u001b[2m      \u001b[2mat renderRootSync (\u001b[22m\u001b[2mnode_modules/react-dom/cjs/react-dom.development.js\u001b[2m:22670:7)\u001b[22m\u001b[2m\u001b[22m\n\u001b[2m      \u001b[2mat performSyncWorkOnRoot (\u001b[22m\u001b[2mnode_modules/react-dom/cjs/react-dom.development.js\u001b[2m:22293:18)\u001b[22m\u001b[2m\u001b[22m\n\u001b[2m      \u001b[2mat \u001b[22m\u001b[2mnode_modules/react-dom/cjs/react-dom.development.js\u001b[2m:11327:26\u001b[22m\u001b[2m\u001b[22m\n\u001b[2m      \u001b[2mat unstable_runWithPriority (\u001b[22m\u001b[2mnode_modules/scheduler/cjs/scheduler.development.js\u001b[2m:468:12)\u001b[22m\u001b[2m\u001b[22m\n\u001b[2m      \u001b[2mat runWithPriority$1 (\u001b[22m\u001b[2mnode_modules/react-dom/cjs/react-dom.development.js\u001b[2m:11276:10)\u001b[22m\u001b[2m\u001b[22m\n\u001b[2m      \u001b[2mat flushSyncCallbackQueueImpl (\u001b[22m\u001b[2mnode_modules/react-dom/cjs/react-dom.development.js\u001b[2m:11322:9)\u001b[22m\u001b[2m\u001b[22m\n\u001b[2m      \u001b[2mat flushSyncCallbackQueue (\u001b[22m\u001b[2mnode_modules/react-dom/cjs/react-dom.development.js\u001b[2m:11309:3)\u001b[22m\u001b[2m\u001b[22m\n\u001b[2m      \u001b[2mat batchedUpdates$1 (\u001b[22m\u001b[2mnode_modules/react-dom/cjs/react-dom.development.js\u001b[2m:22387:7)\u001b[22m\u001b[2m\u001b[22m\n\u001b[2m      \u001b[2mat act (\u001b[22m\u001b[2mnode_modules/react-dom/cjs/react-dom-test-utils.development.js\u001b[2m:1042:14)\u001b[22m\u001b[2m\u001b[22m\n\u001b[2m      \u001b[2mat Object.eventWrapper (\u001b[22m\u001b[2mnode_modules/@testing-library/react/dist/pure.js\u001b[2m:65:28)\u001b[22m\u001b[2m\u001b[22m\n\u001b[2m      \u001b[2mat fireEvent (\u001b[22m\u001b[2mnode_modules/@testing-library/dom/dist/events.js\u001b[2m:16:35)\u001b[22m\u001b[2m\u001b[22m\n\u001b[2m      \u001b[2mat Function.fireEvent.<computed> [as click] (\u001b[22m\u001b[2mnode_modules/@testing-library/dom/dist/events.js\u001b[2m:125:36)\u001b[22m\u001b[2m\u001b[22m\n\u001b[2m      \u001b[2mat fireClick (\u001b[22m\u001b[2mnode_modules/@testing-library/user-event/dist/click.js\u001b[2m:146:20)\u001b[22m\u001b[2m\u001b[22m\n\u001b[2m      \u001b[2mat clickElement (\u001b[22m\u001b[2mnode_modules/@testing-library/user-event/dist/click.js\u001b[2m:91:5)\u001b[22m\u001b[2m\u001b[22m\n\u001b[2m      \u001b[2mat Object.click (\u001b[22m\u001b[2mnode_modules/@testing-library/user-event/dist/click.js\u001b[2m:136:5)\u001b[22m\u001b[2m\u001b[22m\n\u001b[2m      \u001b[2mat Object.<anonymous> (\u001b[22m\u001b[2m\u001b[0m\u001b[36mclient/src/components/ActivationPage.test.js\u001b[39m\u001b[0m\u001b[2m:16:15)\u001b[22m\u001b[2m\u001b[22m\n"
    }
  ],
  "wasInterrupted": false
}